{"logTime": "1114/162557", "correlationVector":"nh9ViwVYuSXaZwwvp3Q0eb.1","action":"SyncServerConnectionManagerRequest", "result":"SYNC_SERVER_OK", "context":{"environment":"Prod_SoutheastAsia_000j", "migrationStage":"NotStarted", "server":"GENERAL01000001"}}
{"logTime": "1114/162601", "correlationVector":"pvNm7FDQSbuDmiLNM7n7jp","action":"SyncServerConnectionManagerRequest", "result":"SYNC_SERVER_OK", "context":{"environment":"", "migrationStage":"", "server":""}}
{"logTime": "1114/162601", "correlationVector":"nh9ViwVYuSXaZwwvp3Q0eb","action":"Initial GetUpdates", "result":"", "context":Reason: NEW_CLIENT. cV=nh9ViwVYuSXaZwwvp3Q0eb}
{"logTime": "1114/162601", "correlationVector":"nh9ViwVYuSXaZwwvp3Q0eb.2","action":"GetUpdates Response", "result":"Success", "context":Received 1 update(s). cV=nh9ViwVYuSXaZwwvp3Q0eb.0;server=GENERAL01000001;cloudType=Consumer;environment=Prod_SoutheastAsia_000j;migrationStage=NotStarted}
{"logTime": "1114/162601", "correlationVector":"VuOYYCz/qf2MS6M5St5aqZ","action":"Initial GetUpdates", "result":"", "context":Reason: NEWLY_SUPPORTED_DATATYPE. cV=VuOYYCz/qf2MS6M5St5aqZ}
{"logTime": "1114/162602", "correlationVector":"VuOYYCz/qf2MS6M5St5aqZ.1","action":"SyncServerConnectionManagerRequest", "result":"SYNC_SERVER_OK", "context":{"environment":"Prod_SoutheastAsia_000j", "migrationStage":"NotStarted", "server":"GENERAL0100000J"}}
{"logTime": "1114/162602", "correlationVector":"VuOYYCz/qf2MS6M5St5aqZ.2","action":"GetUpdates Response", "result":"Success", "context":Received 71 update(s). cV=VuOYYCz/qf2MS6M5St5aqZ.0;server=GENERAL0100000J;cloudType=Consumer;environment=Prod_SoutheastAsia_000j;migrationStage=NotStarted}
{"logTime": "1114/162602", "correlationVector":"fNcz69jq/UJzpnKvr0I9VP","action":"Initial GetUpdates", "result":"", "context":Reason: NEWLY_SUPPORTED_DATATYPE. cV=fNcz69jq/UJzpnKvr0I9VP}
{"logTime": "1114/162602", "correlationVector":"fNcz69jq/UJzpnKvr0I9VP.1","action":"SyncServerConnectionManagerRequest", "result":"SYNC_SERVER_OK", "context":{"environment":"Prod_SoutheastAsia_000j", "migrationStage":"NotStarted", "server":"GENERAL03000015"}}
{"logTime": "1114/162602", "correlationVector":"fNcz69jq/UJzpnKvr0I9VP.2","action":"GetUpdates", "result":"DeleteReceived", "context":{"id":"4748b685-aeea-4cd8-a3df-ba280384c3f6", "isDeleted:":"true", "version":"1711649707168"}}
{"logTime": "1114/162602", "correlationVector":"fNcz69jq/UJzpnKvr0I9VP.3","action":"GetUpdates Response", "result":"Success", "context":Received 12 update(s). cV=fNcz69jq/UJzpnKvr0I9VP.0;server=GENERAL03000015;cloudType=Consumer;environment=Prod_SoutheastAsia_000j;migrationStage=NotStarted}
{"logTime": "1114/162602", "correlationVector":"/wHzXwhPxsb34xN70aHNC+","action":"Initial GetUpdates", "result":"", "context":Reason: NEWLY_SUPPORTED_DATATYPE. cV=/wHzXwhPxsb34xN70aHNC+}
{"logTime": "1114/162603", "correlationVector":"/wHzXwhPxsb34xN70aHNC+.1","action":"SyncServerConnectionManagerRequest", "result":"SYNC_SERVER_OK", "context":{"environment":"Prod_SoutheastAsia_000j", "migrationStage":"NotStarted", "server":"GENERAL0300002M"}}
{"logTime": "1114/162603", "correlationVector":"/wHzXwhPxsb34xN70aHNC+.2","action":"GetUpdates Response", "result":"Success", "context":Received 3 update(s). cV=/wHzXwhPxsb34xN70aHNC+.0;server=GENERAL0300002M;cloudType=Consumer;environment=Prod_SoutheastAsia_000j;migrationStage=NotStarted}
{"logTime": "1114/162603", "correlationVector":"doI49GfNoExD5F9uyh1Umh","action":"Normal GetUpdate request", "result":"", "context":cV=doI49GfNoExD5F9uyh1Umh
Nudged types: Preferences, Sessions, Device Info, User Consents, Encryption Keys
Refresh requested types: Bookmarks, Preferences, Passwords, Autofill Profiles, Autofill, Typed URLs, Extensions, Sessions, Extension settings, History Delete Directives, Device Info, User Consents, Send Tab To Self, Web Apps, Collection, Edge E Drop, Edge Hub App Usage, Edge Tab Group, Edge Wallet, Encryption Keys}
{"logTime": "1114/162604", "correlationVector":"doI49GfNoExD5F9uyh1Umh.1","action":"SyncServerConnectionManagerRequest", "result":"SYNC_SERVER_OK", "context":{"environment":"Prod_SoutheastAsia_000j", "migrationStage":"NotStarted", "server":"GENERAL0100000R"}}
{"logTime": "1114/162604", "correlationVector":"doI49GfNoExD5F9uyh1Umh.2","action":"GetUpdates Response", "result":"Success", "context":Received 0 update(s). cV=doI49GfNoExD5F9uyh1Umh.0;server=GENERAL0100000R;cloudType=Consumer;environment=Prod_SoutheastAsia_000j;migrationStage=NotStarted}
{"logTime": "1114/162604", "correlationVector":"8cwk0NDeI/ygK8YtOsPbvW","action":"Commit Request", "result":"", "context":Item count: 1
Contributing types: Encryption Keys}
{"logTime": "1114/162605", "correlationVector":"8cwk0NDeI/ygK8YtOsPbvW.1","action":"SyncServerConnectionManagerRequest", "result":"SYNC_SERVER_OK", "context":{"environment":"Prod_SoutheastAsia_000j", "migrationStage":"NotStarted", "server":"GENERAL0300000A"}}
{"logTime": "1114/162605", "correlationVector":"8cwk0NDeI/ygK8YtOsPbvW.2","action":"Commit Response", "result":"Success", "context":Result: Success. cV=8cwk0NDeI/ygK8YtOsPbvW.0;server=GENERAL0300000A;cloudType=Consumer;environment=Prod_SoutheastAsia_000j;migrationStage=NotStarted}
{"logTime": "1114/162605", "correlationVector":"GAp9s52ZBX6EIqYT02ljGt","action":"Commit Request", "result":"", "context":Item count: 11
Contributing types: Preferences, Passwords, Sessions, Device Info, User Consents}
{"logTime": "1114/162606", "correlationVector":"GAp9s52ZBX6EIqYT02ljGt.1","action":"SyncServerConnectionManagerRequest", "result":"SYNC_SERVER_OK", "context":{"environment":"Prod_SoutheastAsia_000j", "migrationStage":"NotStarted", "server":"GENERAL01000007"}}
{"logTime": "1114/162606", "correlationVector":"GAp9s52ZBX6EIqYT02ljGt.2","action":"Commit Response", "result":"Success", "context":Result: Success. cV=GAp9s52ZBX6EIqYT02ljGt.0;server=GENERAL01000007;cloudType=Consumer;environment=Prod_SoutheastAsia_000j;migrationStage=NotStarted}
{"logTime": "1114/162606", "correlationVector":"NP9/5i1xhY3Syzc97D1q5s","action":"Normal GetUpdate request", "result":"", "context":cV=NP9/5i1xhY3Syzc97D1q5s
Nudged types: Preferences, Passwords, Sessions, Device Info}
{"logTime": "1114/162607", "correlationVector":"NP9/5i1xhY3Syzc97D1q5s.1","action":"SyncServerConnectionManagerRequest", "result":"SYNC_SERVER_OK", "context":{"environment":"Prod_SoutheastAsia_000j", "migrationStage":"NotStarted", "server":"GENERAL0100000L"}}
{"logTime": "1114/162607", "correlationVector":"NP9/5i1xhY3Syzc97D1q5s.2","action":"GetUpdates Response", "result":"Success", "context":Received 10 update(s). cV=NP9/5i1xhY3Syzc97D1q5s.0;server=GENERAL0100000L;cloudType=Consumer;environment=Prod_SoutheastAsia_000j;migrationStage=NotStarted}
{"logTime": "1114/162607", "correlationVector":"k3tjHCDqmSwQayE2KseHCT","action":"DoCompareDataConsistency requsted types: ", "result":"Bookmarks, Preferences, Passwords, Typed URLs, Extensions, Extension settings, History Delete Directives, Send Tab To Self, Web Apps, Collection, Edge E Drop, Edge Tab Group, Edge Wallet, Encryption Keys"}
{"logTime": "1114/162607", "correlationVector":"k3tjHCDqmSwQayE2KseHCT.0","action":"CompareDataConsistency result: ", "result":"Compare result: Encryption Keys is consistent. local entities count is: 1 local entities hash is: v2Op89MA+F6diT6r+RvC1fjCUrg="}
{"logTime": "1114/162607", "correlationVector":"k3tjHCDqmSwQayE2KseHCT.1","action":"CompareDataConsistency result: ", "result":"Compare result: Bookmarks is consistent. local entities count is: 9 local entities hash is: a8v83EKW0063NGpy/F/xFUdshW0="}
{"logTime": "1114/162607", "correlationVector":"k3tjHCDqmSwQayE2KseHCT.2","action":"CompareDataConsistency result: ", "result":"Compare result: Preferences is consistent. local entities count is: 66 local entities hash is: ty++KpjWW1ERfkQCykhV31GSDmg="}
{"logTime": "1114/162607", "correlationVector":"k3tjHCDqmSwQayE2KseHCT.3","action":"CompareDataConsistency result: ", "result":"Server did not send this Typed URLs local entities count is: 0 local entities hash is: "}
{"logTime": "1114/162607", "correlationVector":"k3tjHCDqmSwQayE2KseHCT.4","action":"CompareDataConsistency result: ", "result":"Compare result: Extensions is consistent. local entities count is: 2 local entities hash is: LSm8uxfapPEEu51dGzD32YMP7fg="}
{"logTime": "1114/162607", "correlationVector":"k3tjHCDqmSwQayE2KseHCT.5","action":"CompareDataConsistency result: ", "result":"Compare result: Extension settings is consistent. local entities count is: 0 local entities hash is: "}
{"logTime": "1114/162607", "correlationVector":"k3tjHCDqmSwQayE2KseHCT.6","action":"CompareDataConsistency result: ", "result":"Compare result: History Delete Directives is consistent. local entities count is: 0 local entities hash is: "}
{"logTime": "1114/162607", "correlationVector":"k3tjHCDqmSwQayE2KseHCT.7","action":"CompareDataConsistency result: ", "result":"Server did not send this Send Tab To Self local entities count is: 0 local entities hash is: "}
{"logTime": "1114/162607", "correlationVector":"k3tjHCDqmSwQayE2KseHCT.8","action":"CompareDataConsistency result: ", "result":"Compare result: Web Apps is consistent. local entities count is: 0 local entities hash is: "}
{"logTime": "1114/162607", "correlationVector":"k3tjHCDqmSwQayE2KseHCT.9","action":"CompareDataConsistency result: ", "result":"Compare result: Collection is consistent. local entities count is: 0 local entities hash is: "}
{"logTime": "1114/162607", "correlationVector":"k3tjHCDqmSwQayE2KseHCT.10","action":"CompareDataConsistency result: ", "result":"Compare result: Edge E Drop is consistent. local entities count is: 0 local entities hash is: "}
{"logTime": "1114/162607", "correlationVector":"k3tjHCDqmSwQayE2KseHCT.11","action":"CompareDataConsistency result: ", "result":"Compare result: Edge Tab Group is consistent. local entities count is: 0 local entities hash is: "}
{"logTime": "1114/162607", "correlationVector":"k3tjHCDqmSwQayE2KseHCT.12","action":"CompareDataConsistency result: ", "result":"Compare result: Edge Wallet is consistent. local entities count is: 0 local entities hash is: "}
{"logTime": "1114/162607", "correlationVector":"k3tjHCDqmSwQayE2KseHCT.13","action":"CompareDataConsistency result: ", "result":"Compare result: Passwords is consistent. local entities count is: 4 local entities hash is: eXZSw6dz80ckslOPHwn6RB7KGY4="}
{"logTime": "1114/162607", "correlationVector":"Hz6xn+zXRe6yVkY7vpEPcz","action":"Commit Request", "result":"", "context":Item count: 1
Contributing types: Sessions}
{"logTime": "1114/162608", "correlationVector":"Hz6xn+zXRe6yVkY7vpEPcz.1","action":"SyncServerConnectionManagerRequest", "result":"SYNC_SERVER_OK", "context":{"environment":"Prod_SoutheastAsia_000j", "migrationStage":"NotStarted", "server":"GENERAL01000012"}}
{"logTime": "1114/162608", "correlationVector":"Hz6xn+zXRe6yVkY7vpEPcz.2","action":"Commit Response", "result":"Success", "context":Result: Success. cV=Hz6xn+zXRe6yVkY7vpEPcz.0;server=GENERAL01000012;cloudType=Consumer;environment=Prod_SoutheastAsia_000j;migrationStage=NotStarted}
{"logTime": "1114/162608", "correlationVector":"","action":"DIAGNOSTIC_REQUEST|v1/diagnosticData/Diagnostic.SendCheckResult()|SUCCESS", "result":""}
{"logTime": "1114/162609", "correlationVector":"ofM4Lp5G2SphRwh0eCemGM","action":"Normal GetUpdate request", "result":"", "context":cV=ofM4Lp5G2SphRwh0eCemGM
Nudged types: Preferences, Passwords, Sessions}
{"logTime": "1114/162610", "correlationVector":"ofM4Lp5G2SphRwh0eCemGM.1","action":"SyncServerConnectionManagerRequest", "result":"SYNC_SERVER_OK", "context":{"environment":"Prod_SoutheastAsia_000j", "migrationStage":"NotStarted", "server":"GENERAL0100000Z"}}
{"logTime": "1114/162610", "correlationVector":"ofM4Lp5G2SphRwh0eCemGM.2","action":"GetUpdates Response", "result":"Success", "context":Received 1 update(s). cV=ofM4Lp5G2SphRwh0eCemGM.0;server=GENERAL0100000Z;cloudType=Consumer;environment=Prod_SoutheastAsia_000j;migrationStage=NotStarted}
{"logTime": "1114/162610", "correlationVector":"n9vPJm/b4En9e2TkEHQ9Jm","action":"Commit Request", "result":"", "context":Item count: 5
Contributing types: Preferences, Passwords}
{"logTime": "1114/162611", "correlationVector":"n9vPJm/b4En9e2TkEHQ9Jm.1","action":"SyncServerConnectionManagerRequest", "result":"SYNC_SERVER_OK", "context":{"environment":"Prod_SoutheastAsia_000j", "migrationStage":"NotStarted", "server":"GENERAL0100000R"}}
{"logTime": "1114/162611", "correlationVector":"n9vPJm/b4En9e2TkEHQ9Jm.2","action":"Commit Response", "result":"Success", "context":Result: Success. cV=n9vPJm/b4En9e2TkEHQ9Jm.0;server=GENERAL0100000R;cloudType=Consumer;environment=Prod_SoutheastAsia_000j;migrationStage=NotStarted}
